

Version:	3.50
CmdLine:	D:\GitHub\SiJimpit\SiJimpit.exe --l4j-debug
JNI:		No
WOW64:		Yes
Working dir:	D:\GitHub\SiJimpit\.
Requires JDK:	Yes
Requires 64-Bit: Yes
Java min ver:	1.021.000_007
Java max ver:	
JRE paths:	C:\Program Files\Java\jdk-21.0.7+6-jre
Check launcher:	C:\Program Files\Java\jdk-21.0.7+6-jre\bin\javaw.exe (OK)
Check javac:	C:\Program Files\Java\jdk-21.0.7+6-jre\bin\javac.exe (not found)
64-bit search:	SOFTWARE\JavaSoft\Java Development Kit...
64-bit search:	SOFTWARE\JavaSoft\JDK...
Check:		SOFTWARE\JavaSoft\JDK\23.0.2
Version string: 1.023.000_002 / 64-Bit (OK)
Check launcher:	C:\Program Files\Java\jdk-23\bin\javaw.exe (OK)
Check javac:	C:\Program Files\Java\jdk-23\bin\javac.exe (OK)
Match:		1.023.000_002
Runtime used:	1.023.000_002 (64-bit)
Main class:	sijimpitGUI.MenuLogin
Add classpath:	lib\*.jar
Launcher:	C:\Program Files\Java\jdk-23\bin\javaw.exe
Launcher args:	-classpath "D:\GitHub\SiJimpit\SiJimpit.exe" sijimpitGUI.MenuLogin
Args length:	66/32768 chars
Exit code:	0


Version:	3.50
CmdLine:	D:\GitHub\SiJimpit\SiJimpit.exe --l4j-debug
JNI:		No
WOW64:		Yes
Working dir:	D:\GitHub\SiJimpit\.
Requires JDK:	Yes
Requires 64-Bit: Yes
Java min ver:	1.021.000_007
Java max ver:	
JRE paths:	C:\Program Files\Java\jdk-21.0.7+6-jre
Check launcher:	C:\Program Files\Java\jdk-21.0.7+6-jre\bin\javaw.exe (OK)
Check javac:	C:\Program Files\Java\jdk-21.0.7+6-jre\bin\javac.exe (not found)
64-bit search:	SOFTWARE\JavaSoft\Java Development Kit...
64-bit search:	SOFTWARE\JavaSoft\JDK...
Check:		SOFTWARE\JavaSoft\JDK\23.0.2
Version string: 1.023.000_002 / 64-Bit (OK)
Check launcher:	C:\Program Files\Java\jdk-23\bin\javaw.exe (OK)
Check javac:	C:\Program Files\Java\jdk-23\bin\javac.exe (OK)
Match:		1.023.000_002
Runtime used:	1.023.000_002 (64-bit)
Main class:	sijimpitGUI.MenuLogin
Add classpath:	lib\*.jar
Launcher:	C:\Program Files\Java\jdk-23\bin\javaw.exe
Launcher args:	-classpath "D:\GitHub\SiJimpit\SiJimpit.exe" sijimpitGUI.MenuLogin
Args length:	66/32768 chars
Exit code:	0


Version:	3.50
CmdLine:	D:\GitHub\SiJimpit\SiJimpit.exe --l4j-debug
JNI:		No
WOW64:		Yes
Working dir:	D:\GitHub\SiJimpit\.
Requires JDK:	Yes
Requires 64-Bit: Yes
Java min ver:	1.021.000_007
Java max ver:	
JRE paths:	C:\Program Files\Java\jdk-21.0.7+6-jre
Check launcher:	C:\Program Files\Java\jdk-21.0.7+6-jre\bin\javaw.exe (OK)
Check javac:	C:\Program Files\Java\jdk-21.0.7+6-jre\bin\javac.exe (not found)
64-bit search:	SOFTWARE\JavaSoft\Java Development Kit...
64-bit search:	SOFTWARE\JavaSoft\JDK...
Check:		SOFTWARE\JavaSoft\JDK\23.0.2
Version string: 1.023.000_002 / 64-Bit (OK)
Check launcher:	C:\Program Files\Java\jdk-23\bin\javaw.exe (OK)
Check javac:	C:\Program Files\Java\jdk-23\bin\javac.exe (OK)
Match:		1.023.000_002
Runtime used:	1.023.000_002 (64-bit)
Main class:	sijimpitGUI.MenuLogin
Add classpath:	D:\GitHub\SiJimpit\dist\lib
Launcher:	C:\Program Files\Java\jdk-23\bin\javaw.exe
Launcher args:	-classpath "D:\GitHub\SiJimpit\SiJimpit.exe;D:\GitHub\SiJimpit\dist\lib" sijimpitGUI.MenuLogin
Args length:	94/32768 chars
Exit code:	0


Version:	3.50
CmdLine:	D:\GitHub\SiJimpit\SiJimpit.exe --l4j-debug
JNI:		No
WOW64:		Yes
Working dir:	D:\GitHub\SiJimpit\.
Requires JDK:	Yes
Requires 64-Bit: Yes
Java min ver:	1.021.000_007
Java max ver:	
JRE paths:	C:\Program Files\Java\jdk-21.0.7+6-jre
Check launcher:	C:\Program Files\Java\jdk-21.0.7+6-jre\bin\javaw.exe (OK)
Check javac:	C:\Program Files\Java\jdk-21.0.7+6-jre\bin\javac.exe (not found)
64-bit search:	SOFTWARE\JavaSoft\Java Development Kit...
64-bit search:	SOFTWARE\JavaSoft\JDK...
Check:		SOFTWARE\JavaSoft\JDK\23.0.2
Version string: 1.023.000_002 / 64-Bit (OK)
Check launcher:	C:\Program Files\Java\jdk-23\bin\javaw.exe (OK)
Check javac:	C:\Program Files\Java\jdk-23\bin\javac.exe (OK)
Match:		1.023.000_002
Runtime used:	1.023.000_002 (64-bit)
Main class:	sijimpitGUI.MenuLogin
Add classpath:	D:\GitHub\SiJimpit\dist\lib
Add classpath:	D:\GitHub\SiJimpit
Launcher:	C:\Program Files\Java\jdk-23\bin\javaw.exe
Launcher args:	-classpath "D:\GitHub\SiJimpit\SiJimpit.exe;D:\GitHub\SiJimpit\dist\lib;D:\GitHub\SiJimpit" sijimpitGUI.MenuLogin
Args length:	113/32768 chars
Exit code:	0


Version:	3.50
CmdLine:	D:\GitHub\SiJimpit\SiJimpit.exe --l4j-debug
JNI:		No
WOW64:		Yes
Working dir:	D:\GitHub\SiJimpit\.
Requires JDK:	Yes
Requires 64-Bit: Yes
Java min ver:	1.021.000_007
Java max ver:	
JRE paths:	C:\Program Files\Java\jdk-21.0.7+6-jre
Check launcher:	C:\Program Files\Java\jdk-21.0.7+6-jre\bin\javaw.exe (OK)
Check javac:	C:\Program Files\Java\jdk-21.0.7+6-jre\bin\javac.exe (not found)
64-bit search:	SOFTWARE\JavaSoft\Java Development Kit...
64-bit search:	SOFTWARE\JavaSoft\JDK...
Check:		SOFTWARE\JavaSoft\JDK\23.0.2
Version string: 1.023.000_002 / 64-Bit (OK)
Check launcher:	C:\Program Files\Java\jdk-23\bin\javaw.exe (OK)
Check javac:	C:\Program Files\Java\jdk-23\bin\javac.exe (OK)
Match:		1.023.000_002
Runtime used:	1.023.000_002 (64-bit)
Main class:	sijimpitGUI.MenuLogin
Add classpath:	D:\GitHub\SiJimpit\dist\lib
Add classpath:	D:\GitHub\SiJimpit
Launcher:	C:\Program Files\Java\jdk-23\bin\javaw.exe
Launcher args:	-classpath "D:\GitHub\SiJimpit\SiJimpit.exe;D:\GitHub\SiJimpit\dist\lib;D:\GitHub\SiJimpit" sijimpitGUI.MenuLogin
Args length:	113/32768 chars
Exit code:	0


Version:	3.50
CmdLine:	D:\GitHub\SiJimpit\SiJimpit.exe --l4j-debug
JNI:		No
WOW64:		Yes
Working dir:	D:\GitHub\SiJimpit\.
Requires JDK:	Yes
Requires 64-Bit: Yes
Java min ver:	1.021.000_007
Java max ver:	
JRE paths:	C:\Program Files\Java\jdk-21.0.7+6-jre
Check launcher:	C:\Program Files\Java\jdk-21.0.7+6-jre\bin\javaw.exe (OK)
Check javac:	C:\Program Files\Java\jdk-21.0.7+6-jre\bin\javac.exe (not found)
64-bit search:	SOFTWARE\JavaSoft\Java Development Kit...
64-bit search:	SOFTWARE\JavaSoft\JDK...
Check:		SOFTWARE\JavaSoft\JDK\23.0.2
Version string: 1.023.000_002 / 64-Bit (OK)
Check launcher:	C:\Program Files\Java\jdk-23\bin\javaw.exe (OK)
Check javac:	C:\Program Files\Java\jdk-23\bin\javac.exe (OK)
Match:		1.023.000_002
Runtime used:	1.023.000_002 (64-bit)
Main class:	sijimpitGUI.MenuLogin
Add classpath:	D:\GitHub\SiJimpit\dist\lib
Launcher:	C:\Program Files\Java\jdk-23\bin\javaw.exe
Launcher args:	-classpath "D:\GitHub\SiJimpit\SiJimpit.exe;D:\GitHub\SiJimpit\dist\lib" sijimpitGUI.MenuLogin
Args length:	94/32768 chars
Exit code:	0


Version:	3.50
CmdLine:	D:\GitHub\SiJimpit\SiJimpit.exe --l4j-debug
JNI:		No
WOW64:		Yes
Working dir:	D:\GitHub\SiJimpit\.
Requires JDK:	Yes
Requires 64-Bit: Yes
Java min ver:	1.021.000_007
Java max ver:	
JRE paths:	C:\Program Files\Java\jdk-21.0.7+6-jre
Check launcher:	C:\Program Files\Java\jdk-21.0.7+6-jre\bin\javaw.exe (OK)
Check javac:	C:\Program Files\Java\jdk-21.0.7+6-jre\bin\javac.exe (not found)
64-bit search:	SOFTWARE\JavaSoft\Java Development Kit...
64-bit search:	SOFTWARE\JavaSoft\JDK...
Check:		SOFTWARE\JavaSoft\JDK\23.0.2
Version string: 1.023.000_002 / 64-Bit (OK)
Check launcher:	C:\Program Files\Java\jdk-23\bin\javaw.exe (OK)
Check javac:	C:\Program Files\Java\jdk-23\bin\javac.exe (OK)
Match:		1.023.000_002
Runtime used:	1.023.000_002 (64-bit)
Main class:	sijimpitGUI.MenuLogin
Add classpath:	D:\GitHub\SiJimpit\dist\lib
Launcher:	C:\Program Files\Java\jdk-23\bin\javaw.exe
Launcher args:	-classpath "D:\GitHub\SiJimpit\SiJimpit.exe;D:\GitHub\SiJimpit\dist\lib" sijimpitGUI.MenuLogin
Args length:	94/32768 chars
Exit code:	0


Version:	3.50
CmdLine:	D:\GitHub\SiJimpit\SiJimpit.exe --l4j-debug
JNI:		No
WOW64:		Yes
Working dir:	D:\GitHub\SiJimpit\.
Requires JDK:	Yes
Requires 64-Bit: Yes
Java min ver:	1.021.000_007
Java max ver:	
JRE paths:	C:\Program Files\Java\jdk-21.0.7+6-jre
Check launcher:	C:\Program Files\Java\jdk-21.0.7+6-jre\bin\javaw.exe (OK)
Check javac:	C:\Program Files\Java\jdk-21.0.7+6-jre\bin\javac.exe (not found)
64-bit search:	SOFTWARE\JavaSoft\Java Development Kit...
64-bit search:	SOFTWARE\JavaSoft\JDK...
Check:		SOFTWARE\JavaSoft\JDK\23.0.2
Version string: 1.023.000_002 / 64-Bit (OK)
Check launcher:	C:\Program Files\Java\jdk-23\bin\javaw.exe (OK)
Check javac:	C:\Program Files\Java\jdk-23\bin\javac.exe (OK)
Match:		1.023.000_002
Runtime used:	1.023.000_002 (64-bit)
Main class:	sijimpitGUI.MenuLogin
Add classpath:	D:\GitHub\SiJimpit\dist\lib
Launcher:	C:\Program Files\Java\jdk-23\bin\javaw.exe
Launcher args:	-classpath "D:\GitHub\SiJimpit\SiJimpit.exe;D:\GitHub\SiJimpit\dist\lib" sijimpitGUI.MenuLogin
Args length:	94/32768 chars
Exit code:	0


Version:	3.50
CmdLine:	D:\GitHub\SiJimpit\SiJimpit.exe --l4j-debug
JNI:		No
WOW64:		Yes
Working dir:	D:\GitHub\SiJimpit\.
Requires JDK:	Yes
Requires 64-Bit: Yes
Java min ver:	1.021.000_007
Java max ver:	
JRE paths:	C:\Program Files\Java\jdk-21.0.7+6-jre
Check launcher:	C:\Program Files\Java\jdk-21.0.7+6-jre\bin\javaw.exe (OK)
Check javac:	C:\Program Files\Java\jdk-21.0.7+6-jre\bin\javac.exe (not found)
64-bit search:	SOFTWARE\JavaSoft\Java Development Kit...
64-bit search:	SOFTWARE\JavaSoft\JDK...
Check:		SOFTWARE\JavaSoft\JDK\23.0.2
Version string: 1.023.000_002 / 64-Bit (OK)
Check launcher:	C:\Program Files\Java\jdk-23\bin\javaw.exe (OK)
Check javac:	C:\Program Files\Java\jdk-23\bin\javac.exe (OK)
Match:		1.023.000_002
Runtime used:	1.023.000_002 (64-bit)
Main class:	sijimpitGUI.MenuLogin
Add classpath:	D:\GitHub\SiJimpit\dist\lib\*
      "      :	D:\GitHub\SiJimpit\dist\lib\.
      "      :	D:\GitHub\SiJimpit\dist\lib\..
      "      :	D:\GitHub\SiJimpit\dist\lib\commons-beanutils-1.9.4.jar
      "      :	D:\GitHub\SiJimpit\dist\lib\commons-collections4-4.4.jar
      "      :	D:\GitHub\SiJimpit\dist\lib\commons-digester-1.7.jar
      "      :	D:\GitHub\SiJimpit\dist\lib\commons-logging-1.3.0.jar
      "      :	D:\GitHub\SiJimpit\dist\lib\itext-4.2.1.jar
      "      :	D:\GitHub\SiJimpit\dist\lib\jasperreports-6.20.6.jar
      "      :	D:\GitHub\SiJimpit\dist\lib\mysql-connector-j-9.3.0.jar
Add classpath:	D:\GitHub\SiJimpit\dist\SiJimpit.jar
Launcher:	C:\Program Files\Java\jdk-23\bin\javaw.exe
Launcher args:	-classpath "D:\GitHub\SiJimpit\SiJimpit.exe;D:\GitHub\SiJimpit\dist\lib\.;D:\GitHub\SiJimpit\dist\lib\..;D:\GitHub\SiJimpit\dist\lib\commons-beanutils-1.9.4.jar;D:\GitHub\SiJimpit\dist\lib\commons-collections4-4.4.jar;D:\GitHub\SiJimpit\dist\lib\commons-digester-1.7.jar;D:\GitHub\SiJimpit\dist\lib\commons-logging-1.3.0.jar;D:\GitHub\SiJimpit\dist\lib\itext-4.2.1.jar;D:\GitHub\SiJimpit\dist\lib\jasperreports-6.20.6.jar;D:\GitHub\SiJimpit\dist\lib\mysql-connector-j-9.3.0.jar;D:\GitHub\SiJimpit\dist\SiJimpit.jar" sijimpitGUI.MenuLogin
Args length:	537/32768 chars
Exit code:	0


Version:	3.50
CmdLine:	D:\GitHub\SiJimpit\SiJimpit.exe --l4j-debug
JNI:		No
WOW64:		Yes
Working dir:	D:\GitHub\SiJimpit\.
Requires JDK:	Yes
Requires 64-Bit: Yes
Java min ver:	1.021.000_007
Java max ver:	
JRE paths:	C:\Program Files\Java\jdk-21.0.7+6-jre
Check launcher:	C:\Program Files\Java\jdk-21.0.7+6-jre\bin\javaw.exe (OK)
Check javac:	C:\Program Files\Java\jdk-21.0.7+6-jre\bin\javac.exe (not found)
64-bit search:	SOFTWARE\JavaSoft\Java Development Kit...
64-bit search:	SOFTWARE\JavaSoft\JDK...
Check:		SOFTWARE\JavaSoft\JDK\23.0.2
Version string: 1.023.000_002 / 64-Bit (OK)
Check launcher:	C:\Program Files\Java\jdk-23\bin\javaw.exe (OK)
Check javac:	C:\Program Files\Java\jdk-23\bin\javac.exe (OK)
Match:		1.023.000_002
Runtime used:	1.023.000_002 (64-bit)
Main class:	sijimpitGUI.MenuLogin
Add classpath:	D:\GitHub\SiJimpit\dist\lib\*
      "      :	D:\GitHub\SiJimpit\dist\lib\.
      "      :	D:\GitHub\SiJimpit\dist\lib\..
      "      :	D:\GitHub\SiJimpit\dist\lib\commons-beanutils-1.9.4.jar
      "      :	D:\GitHub\SiJimpit\dist\lib\commons-collections4-4.4.jar
      "      :	D:\GitHub\SiJimpit\dist\lib\commons-digester-1.7.jar
      "      :	D:\GitHub\SiJimpit\dist\lib\commons-logging-1.3.0.jar
      "      :	D:\GitHub\SiJimpit\dist\lib\itext-4.2.1.jar
      "      :	D:\GitHub\SiJimpit\dist\lib\jasperreports-6.20.6.jar
      "      :	D:\GitHub\SiJimpit\dist\lib\mysql-connector-j-9.3.0.jar
Add classpath:	D:\GitHub\SiJimpit\dist\SiJimpit.jar
Launcher:	C:\Program Files\Java\jdk-23\bin\javaw.exe
Launcher args:	-classpath "D:\GitHub\SiJimpit\SiJimpit.exe;D:\GitHub\SiJimpit\dist\lib\.;D:\GitHub\SiJimpit\dist\lib\..;D:\GitHub\SiJimpit\dist\lib\commons-beanutils-1.9.4.jar;D:\GitHub\SiJimpit\dist\lib\commons-collections4-4.4.jar;D:\GitHub\SiJimpit\dist\lib\commons-digester-1.7.jar;D:\GitHub\SiJimpit\dist\lib\commons-logging-1.3.0.jar;D:\GitHub\SiJimpit\dist\lib\itext-4.2.1.jar;D:\GitHub\SiJimpit\dist\lib\jasperreports-6.20.6.jar;D:\GitHub\SiJimpit\dist\lib\mysql-connector-j-9.3.0.jar;D:\GitHub\SiJimpit\dist\SiJimpit.jar" sijimpitGUI.MenuLogin
Args length:	537/32768 chars
Exit code:	0
